127.0.0.1 - - [11/May/2015:10:29:01 +0100] "GET /drupal/install.php HTTP/1.1" 200 4450
127.0.0.1 - - [11/May/2015:10:29:04 +0100] "POST /drupal/install.php HTTP/1.1" 302 -
127.0.0.1 - - [11/May/2015:10:29:04 +0100] "GET /drupal/install.php?profile=standard HTTP/1.1" 200 5962
127.0.0.1 - - [11/May/2015:10:29:05 +0100] "POST /drupal/install.php?profile=standard HTTP/1.1" 302 -
127.0.0.1 - - [11/May/2015:10:29:05 +0100] "POST /drupal/install.php?profile=standard&locale=en HTTP/1.1" 302 -
127.0.0.1 - - [11/May/2015:10:29:16 +0100] "POST /drupal/install.php?profile=standard&locale=en HTTP/1.1" 200 134
127.0.0.1 - - [11/May/2015:10:29:20 +0100] "POST /drupal/install.php?profile=standard&locale=en HTTP/1.1" 200 134
127.0.0.1 - - [11/May/2015:10:29:24 +0100] "POST /drupal/install.php?profile=standard&locale=en HTTP/1.1" 200 146
127.0.0.1 - - [11/May/2015:10:29:27 +0100] "POST /drupal/install.php?profile=standard&locale=en HTTP/1.1" 200 138
127.0.0.1 - - [11/May/2015:10:29:31 +0100] "POST /drupal/install.php?profile=standard&locale=en HTTP/1.1" 200 134
127.0.0.1 - - [11/May/2015:10:29:36 +0100] "POST /drupal/install.php?profile=standard&locale=en HTTP/1.1" 200 133
127.0.0.1 - - [11/May/2015:10:29:39 +0100] "POST /drupal/install.php?profile=standard&locale=en HTTP/1.1" 200 137
127.0.0.1 - - [11/May/2015:10:29:42 +0100] "POST /drupal/install.php?profile=standard&locale=en HTTP/1.1" 200 139
127.0.0.1 - - [11/May/2015:10:29:48 +0100] "POST /drupal/install.php?profile=standard&locale=en HTTP/1.1" 302 -
127.0.0.1 - - [11/May/2015:10:29:52 +0100] "GET /drupal/install.php?profile=standard&locale=en HTTP/1.1" 200 10399
127.0.0.1 - - [11/May/2015:10:29:56 +0100] "POST /drupal/install.php?profile=standard&locale=en HTTP/1.1" 200 10398
127.0.0.1 - - [11/May/2015:10:29:59 +0100] "POST /drupal/install.php?profile=standard&locale=en HTTP/1.1" 200 10398
127.0.0.1 - - [11/May/2015:10:30:02 +0100] "POST /drupal/install.php?profile=standard&locale=en HTTP/1.1" 200 10400
127.0.0.1 - - [11/May/2015:10:30:06 +0100] "GET /drupal/install.php?profile=standard&locale=en HTTP/1.1" 200 10403
127.0.0.1 - - [11/May/2015:10:30:09 +0100] "POST /drupal/install.php?profile=standard&locale=en HTTP/1.1" 200 1392
fe80::f15e:83a2:269e:4767 - - [11/May/2015:10:34:02 +0100] "GET / HTTP/1.1" 200 1216
fe80::f15e:83a2:269e:4767 - - [11/May/2015:10:34:03 +0100] "GET /bitnamistack.css HTTP/1.1" 200 698
fe80::f15e:83a2:269e:4767 - - [11/May/2015:10:34:03 +0100] "GET /img/bitnami.png HTTP/1.1" 200 3738
fe80::f15e:83a2:269e:4767 - - [11/May/2015:10:34:03 +0100] "GET /img/drupal.png HTTP/1.1" 200 4120
fe80::f15e:83a2:269e:4767 - - [11/May/2015:10:34:03 +0100] "GET /img/header_bg.png HTTP/1.1" 200 147
fe80::f15e:83a2:269e:4767 - - [11/May/2015:10:34:03 +0100] "GET /img/sub_header_bg.png HTTP/1.1" 200 146
fe80::f15e:83a2:269e:4767 - - [11/May/2015:10:34:03 +0100] "GET /favicon.ico HTTP/1.1" 200 1150
::1 - - [11/May/2015:10:34:19 +0100] "GET / HTTP/1.1" 200 1216
::1 - - [11/May/2015:10:34:19 +0100] "GET /bitnamistack.css HTTP/1.1" 200 698
::1 - - [11/May/2015:10:34:19 +0100] "GET /img/bitnami.png HTTP/1.1" 200 3738
::1 - - [11/May/2015:10:34:19 +0100] "GET /img/drupal.png HTTP/1.1" 200 4120
::1 - - [11/May/2015:10:34:19 +0100] "GET /img/header_bg.png HTTP/1.1" 200 147
::1 - - [11/May/2015:10:34:19 +0100] "GET /img/sub_header_bg.png HTTP/1.1" 200 146
::1 - - [11/May/2015:10:34:19 +0100] "GET /favicon.ico HTTP/1.1" 200 1150
127.0.0.1 - - [11/May/2015:10:34:48 +0100] "GET /phpmyadmin HTTP/1.1" 301 236
127.0.0.1 - - [11/May/2015:10:34:48 +0100] "GET /phpmyadmin/ HTTP/1.1" 200 2824
127.0.0.1 - - [11/May/2015:10:34:48 +0100] "GET /phpmyadmin/themes/pmahomme/jquery/jquery-ui-1.9.2.custom.css HTTP/1.1" 200 6177
127.0.0.1 - - [11/May/2015:10:34:48 +0100] "GET /phpmyadmin/favicon.ico HTTP/1.1" 200 18902
127.0.0.1 - - [11/May/2015:10:34:48 +0100] "GET /phpmyadmin/js/get_scripts.js.php?scripts%5B%5D=jquery/jquery-1.8.3.min.js&scripts%5B%5D=sprintf.js&scripts%5B%5D=ajax.js&scripts%5B%5D=keyhandler.js&scripts%5B%5D=jquery/jquery-ui-1.9.2.custom.min.js&scripts%5B%5D=jquery/jquery.cookie.js&scripts%5B%5D=jquery/jquery.mousewheel.js&scripts%5B%5D=jquery/jquery.event.drag-2.2.js&scripts%5B%5D=jquery/jquery-ui-timepicker-addon.js&scripts%5B%5D=jquery/jquery.ba-hashchange-1.3.js&scripts%5B%5D=jquery/jquery.debounce-1.0.5.js&scripts%5B%5D=menu-resizer.js&scripts%5B%5D=cross_framing_protection.js&scripts%5B%5D=rte.js&scripts%5B%5D=tracekit/tracekit.js&scripts%5B%5D=error_report.js&scripts%5B%5D=doclinks.js&scripts%5B%5D=functions.js&scripts%5B%5D=navigation.js&scripts%5B%5D=indexes.js&scripts%5B%5D=common.js&scripts%5B%5D=codemirror/lib/codemirror.js&scripts%5B%5D=codemirror/mode/sql/sql.js&scripts%5B%5D=codemirror/addon/runmode/runmode.js&scripts%5B%5D=codemirror/addon/hint/show-hint.js&scripts%5B%5D=codemirror/addon/hint/sql-hint.js HTTP/1.1" 200 1205539
127.0.0.1 - - [11/May/2015:10:34:48 +0100] "GET /phpmyadmin/js/whitelist.php?lang=en&db=&collation_connection=utf8_unicode_ci&token=23fcd8d724d47fcc68dbf128bd06f553 HTTP/1.1" 200 2185
127.0.0.1 - - [11/May/2015:10:34:48 +0100] "GET /phpmyadmin/phpmyadmin.css.php?server=1&lang=en&collation_connection=utf8_unicode_ci&token=23fcd8d724d47fcc68dbf128bd06f553&nocache=4282321412ltr HTTP/1.1" 200 21238
127.0.0.1 - - [11/May/2015:10:34:48 +0100] "GET /phpmyadmin/js/get_image.js.php?theme=pmahomme HTTP/1.1" 200 6643
127.0.0.1 - - [11/May/2015:10:34:48 +0100] "GET /phpmyadmin/js/messages.php?lang=en&db=&collation_connection=utf8_unicode_ci&token=23fcd8d724d47fcc68dbf128bd06f553 HTTP/1.1" 200 24167
127.0.0.1 - - [11/May/2015:10:34:48 +0100] "GET /phpmyadmin/themes/pmahomme/img/logo_right.png HTTP/1.1" 200 4548
127.0.0.1 - - [11/May/2015:10:34:48 +0100] "GET /phpmyadmin/themes/dot.gif HTTP/1.1" 200 43
127.0.0.1 - - [11/May/2015:10:34:49 +0100] "GET /phpmyadmin/themes/pmahomme/img/sprites.png HTTP/1.1" 200 45779
127.0.0.1 - - [11/May/2015:10:35:07 +0100] "POST /phpmyadmin/index.php HTTP/1.1" 302 -
127.0.0.1 - - [11/May/2015:10:35:08 +0100] "GET /phpmyadmin/index.php?token=23fcd8d724d47fcc68dbf128bd06f553 HTTP/1.1" 200 8656
127.0.0.1 - - [11/May/2015:10:35:10 +0100] "GET /phpmyadmin/phpmyadmin.css.php?server=1&token=23fcd8d724d47fcc68dbf128bd06f553&nocache=5713658321ltr HTTP/1.1" 200 21238
127.0.0.1 - - [11/May/2015:10:35:10 +0100] "GET /phpmyadmin/js/messages.php?lang=en&db=&token=23fcd8d724d47fcc68dbf128bd06f553 HTTP/1.1" 200 24167
127.0.0.1 - - [11/May/2015:10:35:10 +0100] "GET /phpmyadmin/js/whitelist.php?lang=en&db=&token=23fcd8d724d47fcc68dbf128bd06f553 HTTP/1.1" 200 2185
127.0.0.1 - - [11/May/2015:10:35:10 +0100] "GET /phpmyadmin/js/get_scripts.js.php?scripts%5B%5D=codemirror/lib/codemirror.js&scripts%5B%5D=codemirror/mode/sql/sql.js&scripts%5B%5D=codemirror/addon/runmode/runmode.js&scripts%5B%5D=codemirror/addon/hint/show-hint.js&scripts%5B%5D=codemirror/addon/hint/sql-hint.js&scripts%5B%5D=console.js HTTP/1.1" 200 384141
127.0.0.1 - - [11/May/2015:10:35:10 +0100] "GET /phpmyadmin/themes/pmahomme/img/logo_left.png HTTP/1.1" 200 2327
127.0.0.1 - - [11/May/2015:10:35:10 +0100] "GET /phpmyadmin/themes/pmahomme/img/ajax_clock_small.gif HTTP/1.1" 200 1810
127.0.0.1 - - [11/May/2015:10:35:10 +0100] "GET /phpmyadmin/themes/pmahomme/img/s_collapseall.png HTTP/1.1" 200 170
127.0.0.1 - - [11/May/2015:10:35:10 +0100] "GET /phpmyadmin/themes/pmahomme/img/left_nav_bg.png HTTP/1.1" 200 297
127.0.0.1 - - [11/May/2015:10:35:10 +0100] "POST /phpmyadmin/db_structure.php?ajax_request=1&favorite_table=1&sync_favorite_tables=1&token=23fcd8d724d47fcc68dbf128bd06f553 HTTP/1.1" 200 4186
127.0.0.1 - - [11/May/2015:10:35:10 +0100] "GET /phpmyadmin/version_check.php?&_nocache=1431336910592945721 HTTP/1.1" 200 24
127.0.0.1 - - [11/May/2015:10:35:29 +0100] "GET /phpmyadmin/navigation.php?ajax_request=1&token=23fcd8d724d47fcc68dbf128bd06f553&aPath=cm9vdA%3D%3D.dGVzdA%3D%3D&vPath=cm9vdA%3D%3D.dGVzdA%3D%3D&pos=0&pos2_name=&pos2_value=&searchClause=&searchClause2=&_nocache=1431336929461781956 HTTP/1.1" 200 4113
::1 - - [11/May/2015:10:41:05 +0100] "GET / HTTP/1.1" 200 1216
::1 - - [11/May/2015:10:41:09 +0100] "GET /drupal/ HTTP/1.1" 200 2265
::1 - - [11/May/2015:10:41:11 +0100] "GET /drupal/misc/jquery.once.js?v=1.2 HTTP/1.1" 200 1066
::1 - - [11/May/2015:10:41:11 +0100] "GET /drupal/misc/drupal.js?no6ie9 HTTP/1.1" 200 4976
::1 - - [11/May/2015:10:41:11 +0100] "GET /drupal/modules/system/system.menus.css?no6ie9 HTTP/1.1" 200 661
::1 - - [11/May/2015:10:41:11 +0100] "GET /drupal/modules/comment/comment.css?no6ie9 HTTP/1.1" 200 142
::1 - - [11/May/2015:10:41:11 +0100] "GET /drupal/modules/field/theme/field.css?no6ie9 HTTP/1.1" 200 235
::1 - - [11/May/2015:10:41:11 +0100] "GET /drupal/modules/node/node.css?no6ie9 HTTP/1.1" 200 109
::1 - - [11/May/2015:10:41:11 +0100] "GET /drupal/modules/search/search.css?no6ie9 HTTP/1.1" 200 232
::1 - - [11/May/2015:10:41:11 +0100] "GET /drupal/modules/user/user.css?no6ie9 HTTP/1.1" 200 698
::1 - - [11/May/2015:10:41:11 +0100] "GET /drupal/themes/bartik/css/layout.css?no6ie9 HTTP/1.1" 200 535
::1 - - [11/May/2015:10:41:11 +0100] "GET /drupal/themes/bartik/css/style.css?no6ie9 HTTP/1.1" 200 6691
::1 - - [11/May/2015:10:41:11 +0100] "GET /drupal/misc/jquery.js?v=1.4.4 HTTP/1.1" 200 27074
::1 - - [11/May/2015:10:41:11 +0100] "GET /drupal/themes/bartik/css/colors.css?no6ie9 HTTP/1.1" 200 453
::1 - - [11/May/2015:10:41:11 +0100] "GET /drupal/misc/favicon.ico HTTP/1.1" 200 5430
::1 - - [11/May/2015:10:41:11 +0100] "GET /drupal/modules/system/system.theme.css?no6ie9 HTTP/1.1" 200 1220
::1 - - [11/May/2015:10:41:11 +0100] "GET /drupal/themes/bartik/css/print.css?no6ie9 HTTP/1.1" 200 339
::1 - - [11/May/2015:10:41:11 +0100] "GET /drupal/modules/system/system.base.css?no6ie9 HTTP/1.1" 200 1883
::1 - - [11/May/2015:10:41:11 +0100] "GET /drupal/modules/system/system.messages.css?no6ie9 HTTP/1.1" 200 382
::1 - - [11/May/2015:10:41:11 +0100] "GET /drupal/themes/bartik/logo.png HTTP/1.1" 200 3479
::1 - - [11/May/2015:10:41:11 +0100] "GET /drupal/themes/bartik/images/buttons.png HTTP/1.1" 200 831
::1 - - [11/May/2015:10:41:27 +0100] "POST /drupal/node?destination=node HTTP/1.1" 302 -
::1 - - [11/May/2015:10:41:27 +0100] "GET /drupal/node HTTP/1.1" 200 3774
::1 - - [11/May/2015:10:41:28 +0100] "GET /drupal/misc/jquery.js?v=1.4.4 HTTP/1.1" 200 27074
::1 - - [11/May/2015:10:41:28 +0100] "GET /drupal/misc/jquery.once.js?v=1.2 HTTP/1.1" 200 1066
::1 - - [11/May/2015:10:41:28 +0100] "GET /drupal/misc/ui/jquery.ui.core.min.js?v=1.8.7 HTTP/1.1" 200 1950
::1 - - [11/May/2015:10:41:28 +0100] "GET /drupal/misc/jquery.ba-bbq.js?v=1.2.1 HTTP/1.1" 200 2075
::1 - - [11/May/2015:10:41:28 +0100] "GET /drupal/modules/toolbar/toolbar.js?no6ie9 HTTP/1.1" 200 1031
::1 - - [11/May/2015:10:41:28 +0100] "GET /drupal/modules/system/system.base.css?no6ie9 HTTP/1.1" 200 1883
::1 - - [11/May/2015:10:41:28 +0100] "GET /drupal/modules/system/system.menus.css?no6ie9 HTTP/1.1" 200 661
::1 - - [11/May/2015:10:41:28 +0100] "GET /drupal/modules/system/system.messages.css?no6ie9 HTTP/1.1" 200 382
::1 - - [11/May/2015:10:41:28 +0100] "GET /drupal/modules/system/system.theme.css?no6ie9 HTTP/1.1" 200 1220
::1 - - [11/May/2015:10:41:28 +0100] "GET /drupal/misc/ui/jquery.ui.core.css?no6ie9 HTTP/1.1" 200 667
::1 - - [11/May/2015:10:41:28 +0100] "GET /drupal/misc/ui/jquery.ui.theme.css?no6ie9 HTTP/1.1" 200 2994
::1 - - [11/May/2015:10:41:28 +0100] "GET /drupal/modules/overlay/overlay-parent.css?no6ie9 HTTP/1.1" 200 513
::1 - - [11/May/2015:10:41:28 +0100] "GET /drupal/modules/comment/comment.css?no6ie9 HTTP/1.1" 200 142
::1 - - [11/May/2015:10:41:28 +0100] "GET /drupal/misc/drupal.js?no6ie9 HTTP/1.1" 200 4976
::1 - - [11/May/2015:10:41:28 +0100] "GET /drupal/modules/contextual/contextual.css?no6ie9 HTTP/1.1" 200 685
::1 - - [11/May/2015:10:41:28 +0100] "GET /drupal/modules/field/theme/field.css?no6ie9 HTTP/1.1" 200 235
::1 - - [11/May/2015:10:41:28 +0100] "GET /drupal/modules/search/search.css?no6ie9 HTTP/1.1" 200 232
::1 - - [11/May/2015:10:41:28 +0100] "GET /drupal/modules/contextual/contextual.js?v=1.0 HTTP/1.1" 200 625
::1 - - [11/May/2015:10:41:28 +0100] "GET /drupal/modules/toolbar/toolbar.css?no6ie9 HTTP/1.1" 200 1157
::1 - - [11/May/2015:10:41:28 +0100] "GET /drupal/modules/overlay/overlay-parent.js?v=1.0 HTTP/1.1" 200 10409
::1 - - [11/May/2015:10:41:28 +0100] "GET /drupal/themes/bartik/css/layout.css?no6ie9 HTTP/1.1" 200 535
::1 - - [11/May/2015:10:41:28 +0100] "GET /drupal/modules/shortcut/shortcut.css?no6ie9 HTTP/1.1" 200 648
::1 - - [11/May/2015:10:41:28 +0100] "GET /drupal/modules/user/user.css?no6ie9 HTTP/1.1" 200 698
::1 - - [11/May/2015:10:41:28 +0100] "GET /drupal/themes/bartik/css/print.css?no6ie9 HTTP/1.1" 200 339
::1 - - [11/May/2015:10:41:28 +0100] "GET /drupal/misc/jquery.cookie.js?v=1.0 HTTP/1.1" 200 555
::1 - - [11/May/2015:10:41:28 +0100] "GET /drupal/modules/node/node.css?no6ie9 HTTP/1.1" 200 109
::1 - - [11/May/2015:10:41:28 +0100] "GET /drupal/themes/bartik/css/colors.css?no6ie9 HTTP/1.1" 200 453
::1 - - [11/May/2015:10:41:28 +0100] "GET /drupal/themes/bartik/css/style.css?no6ie9 HTTP/1.1" 200 6691
::1 - - [11/May/2015:10:41:28 +0100] "GET /drupal/modules/toolbar/toolbar.png HTTP/1.1" 200 558
::1 - - [11/May/2015:10:41:28 +0100] "GET /drupal/themes/bartik/images/search-button.png HTTP/1.1" 200 725
::1 - - [11/May/2015:10:41:28 +0100] "GET /drupal/misc/menu-collapsed.png HTTP/1.1" 200 105
::1 - - [11/May/2015:10:41:28 +0100] "GET /drupal/modules/contextual/images/gear-select.png HTTP/1.1" 200 506
::1 - - [11/May/2015:11:23:46 +0100] "GET /drupal/modules/overlay/images/background.png HTTP/1.1" 200 76
::1 - - [11/May/2015:11:23:46 +0100] "GET /drupal/admin/structure?render=overlay HTTP/1.1" 200 2188
::1 - - [11/May/2015:11:23:46 +0100] "GET /drupal/misc/jquery.once.js?v=1.2 HTTP/1.1" 200 1066
::1 - - [11/May/2015:11:23:46 +0100] "GET /drupal/misc/drupal.js?no6ie9 HTTP/1.1" 200 4976
::1 - - [11/May/2015:11:23:46 +0100] "GET /drupal/modules/system/system.messages.css?no6ie9 HTTP/1.1" 200 382
::1 - - [11/May/2015:11:23:46 +0100] "GET /drupal/modules/system/system.theme.css?no6ie9 HTTP/1.1" 200 1220
::1 - - [11/May/2015:11:23:46 +0100] "GET /drupal/modules/overlay/overlay-child.js?v=1.0 HTTP/1.1" 200 2190
::1 - - [11/May/2015:11:23:46 +0100] "GET /drupal/modules/comment/comment.css?no6ie9 HTTP/1.1" 200 142
::1 - - [11/May/2015:11:23:46 +0100] "GET /drupal/modules/overlay/overlay-child.css?no6ie9 HTTP/1.1" 200 1080
::1 - - [11/May/2015:11:23:46 +0100] "GET /drupal/modules/field/theme/field.css?no6ie9 HTTP/1.1" 200 235
::1 - - [11/May/2015:11:23:46 +0100] "GET /drupal/modules/node/node.css?no6ie9 HTTP/1.1" 200 109
::1 - - [11/May/2015:11:23:46 +0100] "GET /drupal/modules/search/search.css?no6ie9 HTTP/1.1" 200 232
::1 - - [11/May/2015:11:23:46 +0100] "GET /drupal/modules/shortcut/shortcut.css?no6ie9 HTTP/1.1" 200 648
::1 - - [11/May/2015:11:23:46 +0100] "GET /drupal/modules/system/system.admin.css?no6ie9 HTTP/1.1" 200 1379
::1 - - [11/May/2015:11:23:46 +0100] "GET /drupal/modules/user/user.css?no6ie9 HTTP/1.1" 200 698
::1 - - [11/May/2015:11:23:46 +0100] "GET /drupal/themes/seven/reset.css?no6ie9 HTTP/1.1" 200 1275
::1 - - [11/May/2015:11:23:46 +0100] "GET /drupal/misc/jquery.js?v=1.4.4 HTTP/1.1" 200 27074
::1 - - [11/May/2015:11:23:46 +0100] "GET /drupal/themes/seven/style.css?no6ie9 HTTP/1.1" 200 4621
::1 - - [11/May/2015:11:23:46 +0100] "GET /drupal/modules/system/system.base.css?no6ie9 HTTP/1.1" 200 1883
::1 - - [11/May/2015:11:23:46 +0100] "GET /drupal/modules/system/system.menus.css?no6ie9 HTTP/1.1" 200 661
::1 - - [11/May/2015:11:23:46 +0100] "GET /drupal/modules/shortcut/shortcut.png HTTP/1.1" 200 558
::1 - - [11/May/2015:11:23:46 +0100] "GET /drupal/modules/overlay/images/close.png HTTP/1.1" 200 344
::1 - - [11/May/2015:11:23:46 +0100] "GET /drupal/themes/seven/images/list-item.png HTTP/1.1" 200 195
::1 - - [11/May/2015:11:23:48 +0100] "GET /drupal/admin/appearance?render=overlay HTTP/1.1" 200 3460
::1 - - [11/May/2015:11:23:49 +0100] "GET /drupal/misc/jquery.once.js?v=1.2 HTTP/1.1" 200 1066
::1 - - [11/May/2015:11:23:49 +0100] "GET /drupal/misc/jquery.js?v=1.4.4 HTTP/1.1" 200 27074
::1 - - [11/May/2015:11:23:49 +0100] "GET /drupal/misc/drupal.js?no6ie9 HTTP/1.1" 200 4976
::1 - - [11/May/2015:11:23:49 +0100] "GET /drupal/modules/overlay/overlay-child.js?v=1.0 HTTP/1.1" 200 2190
::1 - - [11/May/2015:11:23:49 +0100] "GET /drupal/modules/system/system.menus.css?no6ie9 HTTP/1.1" 200 661
::1 - - [11/May/2015:11:23:49 +0100] "GET /drupal/misc/form.js?v=7.36 HTTP/1.1" 200 1001
::1 - - [11/May/2015:11:23:49 +0100] "GET /drupal/modules/system/system.admin.css?no6ie9 HTTP/1.1" 200 1379
::1 - - [11/May/2015:11:23:49 +0100] "GET /drupal/modules/system/system.base.css?no6ie9 HTTP/1.1" 200 1883
::1 - - [11/May/2015:11:23:49 +0100] "GET /drupal/modules/system/system.messages.css?no6ie9 HTTP/1.1" 200 382
::1 - - [11/May/2015:11:23:49 +0100] "GET /drupal/modules/system/system.theme.css?no6ie9 HTTP/1.1" 200 1220
::1 - - [11/May/2015:11:23:49 +0100] "GET /drupal/modules/overlay/overlay-child.css?no6ie9 HTTP/1.1" 200 1080
::1 - - [11/May/2015:11:23:49 +0100] "GET /drupal/modules/comment/comment.css?no6ie9 HTTP/1.1" 200 142
::1 - - [11/May/2015:11:23:49 +0100] "GET /drupal/modules/field/theme/field.css?no6ie9 HTTP/1.1" 200 235
::1 - - [11/May/2015:11:23:49 +0100] "GET /drupal/modules/node/node.css?no6ie9 HTTP/1.1" 200 109
::1 - - [11/May/2015:11:23:49 +0100] "GET /drupal/modules/search/search.css?no6ie9 HTTP/1.1" 200 232
::1 - - [11/May/2015:11:23:49 +0100] "GET /drupal/modules/user/user.css?no6ie9 HTTP/1.1" 200 698
::1 - - [11/May/2015:11:23:49 +0100] "GET /drupal/modules/shortcut/shortcut.css?no6ie9 HTTP/1.1" 200 648
::1 - - [11/May/2015:11:23:49 +0100] "GET /drupal/themes/seven/reset.css?no6ie9 HTTP/1.1" 200 1275
::1 - - [11/May/2015:11:23:49 +0100] "GET /drupal/themes/seven/style.css?no6ie9 HTTP/1.1" 200 4621
::1 - - [11/May/2015:11:23:49 +0100] "GET /drupal/themes/bartik/screenshot.png HTTP/1.1" 200 19658
::1 - - [11/May/2015:11:23:49 +0100] "GET /drupal/themes/seven/screenshot.png HTTP/1.1" 200 12298
::1 - - [11/May/2015:11:23:49 +0100] "GET /drupal/themes/garland/screenshot.png HTTP/1.1" 200 10950
::1 - - [11/May/2015:11:23:49 +0100] "GET /drupal/themes/stark/screenshot.png HTTP/1.1" 200 11662
::1 - - [11/May/2015:11:23:49 +0100] "GET /drupal/misc/message-24-warning.png HTTP/1.1" 200 753
::1 - - [11/May/2015:11:23:49 +0100] "GET /drupal/themes/seven/images/add.png HTTP/1.1" 200 160
::1 - - [11/May/2015:11:23:49 +0100] "GET /drupal/themes/seven/images/buttons.png HTTP/1.1" 200 786
::1 - - [11/May/2015:11:24:02 +0100] "GET /drupal/admin/reports/updates/update?render=overlay HTTP/1.1" 200 2442
::1 - - [11/May/2015:11:24:04 +0100] "GET /drupal/misc/jquery.once.js?v=1.2 HTTP/1.1" 200 1066
::1 - - [11/May/2015:11:24:04 +0100] "GET /drupal/modules/system/system.messages.css?no6ie9 HTTP/1.1" 200 382
::1 - - [11/May/2015:11:24:04 +0100] "GET /drupal/modules/system/system.theme.css?no6ie9 HTTP/1.1" 200 1220
::1 - - [11/May/2015:11:24:04 +0100] "GET /drupal/modules/overlay/overlay-child.css?no6ie9 HTTP/1.1" 200 1080
::1 - - [11/May/2015:11:24:04 +0100] "GET /drupal/modules/system/system.admin.css?no6ie9 HTTP/1.1" 200 1379
::1 - - [11/May/2015:11:24:04 +0100] "GET /drupal/modules/comment/comment.css?no6ie9 HTTP/1.1" 200 142
::1 - - [11/May/2015:11:24:04 +0100] "GET /drupal/modules/field/theme/field.css?no6ie9 HTTP/1.1" 200 235
::1 - - [11/May/2015:11:24:04 +0100] "GET /drupal/modules/node/node.css?no6ie9 HTTP/1.1" 200 109
::1 - - [11/May/2015:11:24:04 +0100] "GET /drupal/modules/search/search.css?no6ie9 HTTP/1.1" 200 232
::1 - - [11/May/2015:11:24:04 +0100] "GET /drupal/modules/user/user.css?no6ie9 HTTP/1.1" 200 698
::1 - - [11/May/2015:11:24:04 +0100] "GET /drupal/modules/dblog/dblog.css?no6ie9 HTTP/1.1" 200 557
::1 - - [11/May/2015:11:24:04 +0100] "GET /drupal/modules/shortcut/shortcut.css?no6ie9 HTTP/1.1" 200 648
::1 - - [11/May/2015:11:24:04 +0100] "GET /drupal/modules/update/update.css?no6ie9 HTTP/1.1" 200 662
::1 - - [11/May/2015:11:24:04 +0100] "GET /drupal/themes/seven/reset.css?no6ie9 HTTP/1.1" 200 1275
::1 - - [11/May/2015:11:24:04 +0100] "GET /drupal/misc/drupal.js?no6ie9 HTTP/1.1" 200 4976
::1 - - [11/May/2015:11:24:04 +0100] "GET /drupal/themes/seven/style.css?no6ie9 HTTP/1.1" 200 4621
::1 - - [11/May/2015:11:24:04 +0100] "GET /drupal/modules/overlay/overlay-child.js?v=1.0 HTTP/1.1" 200 2190
::1 - - [11/May/2015:11:24:04 +0100] "GET /drupal/modules/system/system.base.css?no6ie9 HTTP/1.1" 200 1883
::1 - - [11/May/2015:11:24:04 +0100] "GET /drupal/modules/system/system.menus.css?no6ie9 HTTP/1.1" 200 661
::1 - - [11/May/2015:11:24:04 +0100] "GET /drupal/misc/jquery.js?v=1.4.4 HTTP/1.1" 200 27074
::1 - - [11/May/2015:11:24:11 +0100] "GET /drupal/admin/reports/updates/settings?render=overlay HTTP/1.1" 200 3133
::1 - - [11/May/2015:11:24:11 +0100] "GET /drupal/misc/jquery.js?v=1.4.4 HTTP/1.1" 200 27074
::1 - - [11/May/2015:11:24:11 +0100] "GET /drupal/misc/jquery.once.js?v=1.2 HTTP/1.1" 200 1066
::1 - - [11/May/2015:11:24:11 +0100] "GET /drupal/misc/drupal.js?no6ie9 HTTP/1.1" 200 4976
::1 - - [11/May/2015:11:24:11 +0100] "GET /drupal/modules/overlay/overlay-child.js?v=1.0 HTTP/1.1" 200 2190
::1 - - [11/May/2015:11:24:11 +0100] "GET /drupal/misc/textarea.js?v=7.36 HTTP/1.1" 200 418
::1 - - [11/May/2015:11:24:11 +0100] "GET /drupal/modules/system/system.theme.css?no6ie9 HTTP/1.1" 200 1220
::1 - - [11/May/2015:11:24:11 +0100] "GET /drupal/modules/overlay/overlay-child.css?no6ie9 HTTP/1.1" 200 1080
::1 - - [11/May/2015:11:24:11 +0100] "GET /drupal/modules/system/system.admin.css?no6ie9 HTTP/1.1" 200 1379
::1 - - [11/May/2015:11:24:11 +0100] "GET /drupal/modules/comment/comment.css?no6ie9 HTTP/1.1" 200 142
::1 - - [11/May/2015:11:24:11 +0100] "GET /drupal/modules/field/theme/field.css?no6ie9 HTTP/1.1" 200 235
::1 - - [11/May/2015:11:24:11 +0100] "GET /drupal/modules/search/search.css?no6ie9 HTTP/1.1" 200 232
::1 - - [11/May/2015:11:24:11 +0100] "GET /drupal/modules/user/user.css?no6ie9 HTTP/1.1" 200 698
::1 - - [11/May/2015:11:24:11 +0100] "GET /drupal/modules/dblog/dblog.css?no6ie9 HTTP/1.1" 200 557
::1 - - [11/May/2015:11:24:11 +0100] "GET /drupal/modules/shortcut/shortcut.css?no6ie9 HTTP/1.1" 200 648
::1 - - [11/May/2015:11:24:11 +0100] "GET /drupal/themes/seven/reset.css?no6ie9 HTTP/1.1" 200 1275
::1 - - [11/May/2015:11:24:11 +0100] "GET /drupal/themes/seven/style.css?no6ie9 HTTP/1.1" 200 4621
::1 - - [11/May/2015:11:24:11 +0100] "GET /drupal/modules/node/node.css?no6ie9 HTTP/1.1" 200 109
::1 - - [11/May/2015:11:24:11 +0100] "GET /drupal/modules/system/system.base.css?no6ie9 HTTP/1.1" 200 1883
::1 - - [11/May/2015:11:24:11 +0100] "GET /drupal/modules/system/system.menus.css?no6ie9 HTTP/1.1" 200 661
::1 - - [11/May/2015:11:24:11 +0100] "GET /drupal/modules/system/system.messages.css?no6ie9 HTTP/1.1" 200 382
::1 - - [11/May/2015:11:24:11 +0100] "GET /drupal/misc/grippie.png HTTP/1.1" 200 106
::1 - - [11/May/2015:11:25:15 +0100] "GET /drupal/ HTTP/1.0" 200 7552
::1 - - [11/May/2015:11:25:15 +0100] "GET /drupal/admin/config?render=overlay HTTP/1.1" 200 3116
::1 - - [11/May/2015:11:25:16 +0100] "GET /drupal/misc/jquery.js?v=1.4.4 HTTP/1.1" 200 27074
::1 - - [11/May/2015:11:25:16 +0100] "GET /drupal/modules/system/system.messages.css?no6ie9 HTTP/1.1" 200 382
::1 - - [11/May/2015:11:25:16 +0100] "GET /drupal/modules/system/system.theme.css?no6ie9 HTTP/1.1" 200 1220
::1 - - [11/May/2015:11:25:16 +0100] "GET /drupal/modules/overlay/overlay-child.css?no6ie9 HTTP/1.1" 200 1080
::1 - - [11/May/2015:11:25:16 +0100] "GET /drupal/modules/system/system.admin.css?no6ie9 HTTP/1.1" 200 1379
::1 - - [11/May/2015:11:25:16 +0100] "GET /drupal/modules/comment/comment.css?no6ie9 HTTP/1.1" 200 142
::1 - - [11/May/2015:11:25:16 +0100] "GET /drupal/misc/jquery.once.js?v=1.2 HTTP/1.1" 200 1066
::1 - - [11/May/2015:11:25:16 +0100] "GET /drupal/modules/field/theme/field.css?no6ie9 HTTP/1.1" 200 235
::1 - - [11/May/2015:11:25:16 +0100] "GET /drupal/modules/node/node.css?no6ie9 HTTP/1.1" 200 109
::1 - - [11/May/2015:11:25:16 +0100] "GET /drupal/modules/search/search.css?no6ie9 HTTP/1.1" 200 232
::1 - - [11/May/2015:11:25:16 +0100] "GET /drupal/modules/user/user.css?no6ie9 HTTP/1.1" 200 698
::1 - - [11/May/2015:11:25:16 +0100] "GET /drupal/themes/seven/reset.css?no6ie9 HTTP/1.1" 200 1275
::1 - - [11/May/2015:11:25:16 +0100] "GET /drupal/modules/shortcut/shortcut.css?no6ie9 HTTP/1.1" 200 648
::1 - - [11/May/2015:11:25:16 +0100] "GET /drupal/themes/seven/style.css?no6ie9 HTTP/1.1" 200 4621
::1 - - [11/May/2015:11:25:16 +0100] "GET /drupal/modules/overlay/overlay-child.js?v=1.0 HTTP/1.1" 200 2190
::1 - - [11/May/2015:11:25:16 +0100] "GET /drupal/modules/system/system.base.css?no6ie9 HTTP/1.1" 200 1883
::1 - - [11/May/2015:11:25:16 +0100] "GET /drupal/modules/system/system.menus.css?no6ie9 HTTP/1.1" 200 661
::1 - - [11/May/2015:11:25:16 +0100] "GET /drupal/misc/drupal.js?no6ie9 HTTP/1.1" 200 4976
::1 - - [11/May/2015:11:25:19 +0100] "GET /drupal/admin/modules?render=overlay HTTP/1.1" 200 9008
::1 - - [11/May/2015:11:25:21 +0100] "GET /drupal/misc/jquery.js?v=1.4.4 HTTP/1.1" 200 27074
::1 - - [11/May/2015:11:25:21 +0100] "GET /drupal/misc/tableheader.js?no6ie9 HTTP/1.1" 200 1848
::1 - - [11/May/2015:11:25:21 +0100] "GET /drupal/modules/system/system.base.css?no6ie9 HTTP/1.1" 200 1883
::1 - - [11/May/2015:11:25:21 +0100] "GET /drupal/misc/jquery.once.js?v=1.2 HTTP/1.1" 200 1066
::1 - - [11/May/2015:11:25:21 +0100] "GET /drupal/modules/system/system.messages.css?no6ie9 HTTP/1.1" 200 382
::1 - - [11/May/2015:11:25:21 +0100] "GET /drupal/modules/system/system.theme.css?no6ie9 HTTP/1.1" 200 1220
::1 - - [11/May/2015:11:25:21 +0100] "GET /drupal/modules/overlay/overlay-child.css?no6ie9 HTTP/1.1" 200 1080
::1 - - [11/May/2015:11:25:21 +0100] "GET /drupal/modules/system/system.admin.css?no6ie9 HTTP/1.1" 200 1379
::1 - - [11/May/2015:11:25:21 +0100] "GET /drupal/modules/comment/comment.css?no6ie9 HTTP/1.1" 200 142
::1 - - [11/May/2015:11:25:21 +0100] "GET /drupal/modules/field/theme/field.css?no6ie9 HTTP/1.1" 200 235
::1 - - [11/May/2015:11:25:21 +0100] "GET /drupal/modules/node/node.css?no6ie9 HTTP/1.1" 200 109
::1 - - [11/May/2015:11:25:21 +0100] "GET /drupal/modules/search/search.css?no6ie9 HTTP/1.1" 200 232
::1 - - [11/May/2015:11:25:21 +0100] "GET /drupal/modules/user/user.css?no6ie9 HTTP/1.1" 200 698
::1 - - [11/May/2015:11:25:21 +0100] "GET /drupal/modules/shortcut/shortcut.css?no6ie9 HTTP/1.1" 200 648
::1 - - [11/May/2015:11:25:21 +0100] "GET /drupal/themes/seven/reset.css?no6ie9 HTTP/1.1" 200 1275
::1 - - [11/May/2015:11:25:21 +0100] "GET /drupal/modules/overlay/overlay-child.js?v=1.0 HTTP/1.1" 200 2190
::1 - - [11/May/2015:11:25:21 +0100] "GET /drupal/misc/form.js?v=7.36 HTTP/1.1" 200 1001
::1 - - [11/May/2015:11:25:21 +0100] "GET /drupal/themes/seven/style.css?no6ie9 HTTP/1.1" 200 4621
::1 - - [11/May/2015:11:25:21 +0100] "GET /drupal/misc/collapse.js?v=7.36 HTTP/1.1" 200 1182
::1 - - [11/May/2015:11:25:21 +0100] "GET /drupal/modules/system/system.menus.css?no6ie9 HTTP/1.1" 200 661
::1 - - [11/May/2015:11:25:21 +0100] "GET /drupal/misc/drupal.js?no6ie9 HTTP/1.1" 200 4976
::1 - - [11/May/2015:11:25:22 +0100] "GET /drupal/misc/menu-expanded.png HTTP/1.1" 200 106
::1 - - [11/May/2015:11:25:22 +0100] "GET /drupal/misc/help.png HTTP/1.1" 200 294
::1 - - [11/May/2015:11:25:22 +0100] "GET /drupal/misc/permissions.png HTTP/1.1" 200 242
::1 - - [11/May/2015:11:25:22 +0100] "GET /drupal/misc/configure.png HTTP/1.1" 200 248
::1 - - [11/May/2015:11:25:26 +0100] "GET /drupal/admin/reports/updates/update?render=overlay HTTP/1.1" 200 2442
::1 - - [11/May/2015:11:25:28 +0100] "GET /drupal/misc/jquery.js?v=1.4.4 HTTP/1.1" 200 27074
::1 - - [11/May/2015:11:25:28 +0100] "GET /drupal/modules/system/system.messages.css?no6ie9 HTTP/1.1" 200 382
::1 - - [11/May/2015:11:25:28 +0100] "GET /drupal/modules/system/system.theme.css?no6ie9 HTTP/1.1" 200 1220
::1 - - [11/May/2015:11:25:28 +0100] "GET /drupal/modules/overlay/overlay-child.css?no6ie9 HTTP/1.1" 200 1080
::1 - - [11/May/2015:11:25:28 +0100] "GET /drupal/modules/system/system.admin.css?no6ie9 HTTP/1.1" 200 1379
::1 - - [11/May/2015:11:25:28 +0100] "GET /drupal/modules/comment/comment.css?no6ie9 HTTP/1.1" 200 142
::1 - - [11/May/2015:11:25:28 +0100] "GET /drupal/modules/field/theme/field.css?no6ie9 HTTP/1.1" 200 235
::1 - - [11/May/2015:11:25:28 +0100] "GET /drupal/modules/node/node.css?no6ie9 HTTP/1.1" 200 109
::1 - - [11/May/2015:11:25:28 +0100] "GET /drupal/modules/search/search.css?no6ie9 HTTP/1.1" 200 232
::1 - - [11/May/2015:11:25:28 +0100] "GET /drupal/modules/user/user.css?no6ie9 HTTP/1.1" 200 698
::1 - - [11/May/2015:11:25:28 +0100] "GET /drupal/modules/dblog/dblog.css?no6ie9 HTTP/1.1" 200 557
::1 - - [11/May/2015:11:25:28 +0100] "GET /drupal/modules/shortcut/shortcut.css?no6ie9 HTTP/1.1" 200 648
::1 - - [11/May/2015:11:25:28 +0100] "GET /drupal/modules/update/update.css?no6ie9 HTTP/1.1" 200 662
::1 - - [11/May/2015:11:25:28 +0100] "GET /drupal/themes/seven/reset.css?no6ie9 HTTP/1.1" 200 1275
::1 - - [11/May/2015:11:25:28 +0100] "GET /drupal/misc/jquery.once.js?v=1.2 HTTP/1.1" 200 1066
::1 - - [11/May/2015:11:25:28 +0100] "GET /drupal/modules/system/system.menus.css?no6ie9 HTTP/1.1" 200 661
::1 - - [11/May/2015:11:25:28 +0100] "GET /drupal/themes/seven/style.css?no6ie9 HTTP/1.1" 200 4621
::1 - - [11/May/2015:11:25:28 +0100] "GET /drupal/misc/drupal.js?no6ie9 HTTP/1.1" 200 4976
::1 - - [11/May/2015:11:25:28 +0100] "GET /drupal/modules/overlay/overlay-child.js?v=1.0 HTTP/1.1" 200 2190
::1 - - [11/May/2015:11:25:28 +0100] "GET /drupal/modules/system/system.base.css?no6ie9 HTTP/1.1" 200 1883
::1 - - [11/May/2015:11:25:30 +0100] "GET /drupal/admin/reports/updates/check?destination=admin%2Freports%2Fupdates%2Fupdate&render=overlay HTTP/1.1" 302 -
::1 - - [11/May/2015:11:25:31 +0100] "GET /drupal/batch?op=start&id=2&render=overlay HTTP/1.1" 200 2145
::1 - - [11/May/2015:11:25:32 +0100] "GET /drupal/misc/jquery.js?v=1.4.4 HTTP/1.1" 200 27074
::1 - - [11/May/2015:11:25:32 +0100] "GET /drupal/misc/drupal.js?no6ie9 HTTP/1.1" 200 4976
::1 - - [11/May/2015:11:25:32 +0100] "GET /drupal/misc/jquery.once.js?v=1.2 HTTP/1.1" 200 1066
::1 - - [11/May/2015:11:25:32 +0100] "GET /drupal/modules/overlay/overlay-child.js?v=1.0 HTTP/1.1" 200 2190
::1 - - [11/May/2015:11:25:32 +0100] "GET /drupal/modules/system/system.theme.css?no6ie9 HTTP/1.1" 200 1220
::1 - - [11/May/2015:11:25:32 +0100] "GET /drupal/modules/overlay/overlay-child.css?no6ie9 HTTP/1.1" 200 1080
::1 - - [11/May/2015:11:25:32 +0100] "GET /drupal/modules/system/system.admin.css?no6ie9 HTTP/1.1" 200 1379
::1 - - [11/May/2015:11:25:32 +0100] "GET /drupal/misc/progress.js?v=7.36 HTTP/1.1" 200 1202
::1 - - [11/May/2015:11:25:32 +0100] "GET /drupal/modules/system/system.base.css?no6ie9 HTTP/1.1" 200 1883
::1 - - [11/May/2015:11:25:32 +0100] "GET /drupal/modules/comment/comment.css?no6ie9 HTTP/1.1" 200 142
::1 - - [11/May/2015:11:25:32 +0100] "GET /drupal/modules/system/system.menus.css?no6ie9 HTTP/1.1" 200 661
::1 - - [11/May/2015:11:25:32 +0100] "GET /drupal/modules/system/system.messages.css?no6ie9 HTTP/1.1" 200 382
::1 - - [11/May/2015:11:25:32 +0100] "GET /drupal/misc/batch.js?1431339931 HTTP/1.1" 200 456
::1 - - [11/May/2015:11:25:32 +0100] "GET /drupal/themes/seven/reset.css?no6ie9 HTTP/1.1" 200 1275
::1 - - [11/May/2015:11:25:32 +0100] "GET /drupal/modules/field/theme/field.css?no6ie9 HTTP/1.1" 200 235
::1 - - [11/May/2015:11:25:32 +0100] "GET /drupal/modules/node/node.css?no6ie9 HTTP/1.1" 200 109
::1 - - [11/May/2015:11:25:32 +0100] "GET /drupal/themes/seven/style.css?no6ie9 HTTP/1.1" 200 4621
::1 - - [11/May/2015:11:25:32 +0100] "GET /drupal/modules/search/search.css?no6ie9 HTTP/1.1" 200 232
::1 - - [11/May/2015:11:25:32 +0100] "GET /drupal/modules/user/user.css?no6ie9 HTTP/1.1" 200 698
::1 - - [11/May/2015:11:25:32 +0100] "GET /drupal/modules/shortcut/shortcut.css?no6ie9 HTTP/1.1" 200 648
::1 - - [11/May/2015:11:25:32 +0100] "GET /drupal/misc/progress.gif HTTP/1.1" 200 5872
::1 - - [11/May/2015:11:25:32 +0100] "POST /drupal/batch?render=overlay&id=2&op=do HTTP/1.1" 200 213
::1 - - [11/May/2015:11:25:32 +0100] "GET /drupal/batch?render=overlay&id=2&op=finished HTTP/1.1" 302 -
::1 - - [11/May/2015:11:25:32 +0100] "GET /drupal/admin/reports/updates/update?render=overlay HTTP/1.1" 200 2496
::1 - - [11/May/2015:11:25:34 +0100] "GET /drupal/misc/jquery.js?v=1.4.4 HTTP/1.1" 200 27074
::1 - - [11/May/2015:11:25:34 +0100] "GET /drupal/misc/jquery.once.js?v=1.2 HTTP/1.1" 200 1066
::1 - - [11/May/2015:11:25:34 +0100] "GET /drupal/misc/drupal.js?no6ie9 HTTP/1.1" 200 4976
::1 - - [11/May/2015:11:25:34 +0100] "GET /drupal/modules/system/system.messages.css?no6ie9 HTTP/1.1" 200 382
::1 - - [11/May/2015:11:25:34 +0100] "GET /drupal/modules/overlay/overlay-child.js?v=1.0 HTTP/1.1" 200 2190
::1 - - [11/May/2015:11:25:34 +0100] "GET /drupal/modules/system/system.base.css?no6ie9 HTTP/1.1" 200 1883
::1 - - [11/May/2015:11:25:34 +0100] "GET /drupal/modules/field/theme/field.css?no6ie9 HTTP/1.1" 200 235
::1 - - [11/May/2015:11:25:34 +0100] "GET /drupal/modules/node/node.css?no6ie9 HTTP/1.1" 200 109
::1 - - [11/May/2015:11:25:34 +0100] "GET /drupal/modules/system/system.menus.css?no6ie9 HTTP/1.1" 200 661
::1 - - [11/May/2015:11:25:34 +0100] "GET /drupal/modules/system/system.theme.css?no6ie9 HTTP/1.1" 200 1220
::1 - - [11/May/2015:11:25:34 +0100] "GET /drupal/modules/overlay/overlay-child.css?no6ie9 HTTP/1.1" 200 1080
::1 - - [11/May/2015:11:25:34 +0100] "GET /drupal/modules/shortcut/shortcut.css?no6ie9 HTTP/1.1" 200 648
::1 - - [11/May/2015:11:25:34 +0100] "GET /drupal/modules/update/update.css?no6ie9 HTTP/1.1" 200 662
::1 - - [11/May/2015:11:25:34 +0100] "GET /drupal/themes/seven/reset.css?no6ie9 HTTP/1.1" 200 1275
::1 - - [11/May/2015:11:25:34 +0100] "GET /drupal/themes/seven/style.css?no6ie9 HTTP/1.1" 200 4621
::1 - - [11/May/2015:11:25:34 +0100] "GET /drupal/modules/system/system.admin.css?no6ie9 HTTP/1.1" 200 1379
::1 - - [11/May/2015:11:25:34 +0100] "GET /drupal/modules/comment/comment.css?no6ie9 HTTP/1.1" 200 142
::1 - - [11/May/2015:11:25:34 +0100] "GET /drupal/modules/search/search.css?no6ie9 HTTP/1.1" 200 232
::1 - - [11/May/2015:11:25:34 +0100] "GET /drupal/modules/user/user.css?no6ie9 HTTP/1.1" 200 698
::1 - - [11/May/2015:11:25:34 +0100] "GET /drupal/modules/dblog/dblog.css?no6ie9 HTTP/1.1" 200 557
::1 - - [11/May/2015:11:25:34 +0100] "GET /drupal/misc/message-24-error.png HTTP/1.1" 200 733
::1 - - [11/May/2015:11:25:38 +0100] "GET /drupal/admin/reports/updates/check?destination=admin%2Freports%2Fupdates%2Fupdate&render=overlay HTTP/1.1" 302 -
::1 - - [11/May/2015:11:25:40 +0100] "GET /drupal/batch?op=start&id=3&render=overlay HTTP/1.1" 200 2147
::1 - - [11/May/2015:11:25:40 +0100] "GET /drupal/misc/jquery.js?v=1.4.4 HTTP/1.1" 200 27074
::1 - - [11/May/2015:11:25:40 +0100] "GET /drupal/misc/jquery.once.js?v=1.2 HTTP/1.1" 200 1066
::1 - - [11/May/2015:11:25:40 +0100] "GET /drupal/modules/system/system.base.css?no6ie9 HTTP/1.1" 200 1883
::1 - - [11/May/2015:11:25:40 +0100] "GET /drupal/modules/system/system.messages.css?no6ie9 HTTP/1.1" 200 382
::1 - - [11/May/2015:11:25:40 +0100] "GET /drupal/modules/system/system.theme.css?no6ie9 HTTP/1.1" 200 1220
::1 - - [11/May/2015:11:25:40 +0100] "GET /drupal/modules/overlay/overlay-child.css?no6ie9 HTTP/1.1" 200 1080
::1 - - [11/May/2015:11:25:40 +0100] "GET /drupal/modules/system/system.admin.css?no6ie9 HTTP/1.1" 200 1379
::1 - - [11/May/2015:11:25:40 +0100] "GET /drupal/modules/comment/comment.css?no6ie9 HTTP/1.1" 200 142
::1 - - [11/May/2015:11:25:40 +0100] "GET /drupal/modules/field/theme/field.css?no6ie9 HTTP/1.1" 200 235
::1 - - [11/May/2015:11:25:40 +0100] "GET /drupal/modules/node/node.css?no6ie9 HTTP/1.1" 200 109
::1 - - [11/May/2015:11:25:40 +0100] "GET /drupal/modules/search/search.css?no6ie9 HTTP/1.1" 200 232
::1 - - [11/May/2015:11:25:40 +0100] "GET /drupal/modules/user/user.css?no6ie9 HTTP/1.1" 200 698
::1 - - [11/May/2015:11:25:40 +0100] "GET /drupal/modules/shortcut/shortcut.css?no6ie9 HTTP/1.1" 200 648
::1 - - [11/May/2015:11:25:40 +0100] "GET /drupal/themes/seven/reset.css?no6ie9 HTTP/1.1" 200 1275
::1 - - [11/May/2015:11:25:40 +0100] "GET /drupal/themes/seven/style.css?no6ie9 HTTP/1.1" 200 4621
::1 - - [11/May/2015:11:25:40 +0100] "GET /drupal/misc/drupal.js?no6ie9 HTTP/1.1" 200 4976
::1 - - [11/May/2015:11:25:40 +0100] "GET /drupal/modules/overlay/overlay-child.js?v=1.0 HTTP/1.1" 200 2190
::1 - - [11/May/2015:11:25:40 +0100] "GET /drupal/modules/system/system.menus.css?no6ie9 HTTP/1.1" 200 661
::1 - - [11/May/2015:11:25:40 +0100] "GET /drupal/misc/batch.js?1431339940 HTTP/1.1" 200 456
::1 - - [11/May/2015:11:25:40 +0100] "GET /drupal/misc/progress.js?v=7.36 HTTP/1.1" 200 1202
::1 - - [11/May/2015:11:25:40 +0100] "POST /drupal/batch?render=overlay&id=3&op=do HTTP/1.1" 200 213
::1 - - [11/May/2015:11:25:40 +0100] "GET /drupal/batch?render=overlay&id=3&op=finished HTTP/1.1" 302 -
::1 - - [11/May/2015:11:25:41 +0100] "GET /drupal/admin/reports/updates/update?render=overlay HTTP/1.1" 200 2498
::1 - - [11/May/2015:11:25:42 +0100] "GET /drupal/modules/system/system.menus.css?no6ie9 HTTP/1.1" 200 661
::1 - - [11/May/2015:11:25:42 +0100] "GET /drupal/modules/system/system.messages.css?no6ie9 HTTP/1.1" 200 382
::1 - - [11/May/2015:11:25:42 +0100] "GET /drupal/modules/system/system.theme.css?no6ie9 HTTP/1.1" 200 1220
::1 - - [11/May/2015:11:25:42 +0100] "GET /drupal/modules/overlay/overlay-child.css?no6ie9 HTTP/1.1" 200 1080
::1 - - [11/May/2015:11:25:42 +0100] "GET /drupal/modules/system/system.admin.css?no6ie9 HTTP/1.1" 200 1379
::1 - - [11/May/2015:11:25:42 +0100] "GET /drupal/modules/comment/comment.css?no6ie9 HTTP/1.1" 200 142
::1 - - [11/May/2015:11:25:42 +0100] "GET /drupal/modules/field/theme/field.css?no6ie9 HTTP/1.1" 200 235
::1 - - [11/May/2015:11:25:42 +0100] "GET /drupal/modules/node/node.css?no6ie9 HTTP/1.1" 200 109
::1 - - [11/May/2015:11:25:42 +0100] "GET /drupal/modules/search/search.css?no6ie9 HTTP/1.1" 200 232
::1 - - [11/May/2015:11:25:42 +0100] "GET /drupal/modules/user/user.css?no6ie9 HTTP/1.1" 200 698
::1 - - [11/May/2015:11:25:42 +0100] "GET /drupal/modules/dblog/dblog.css?no6ie9 HTTP/1.1" 200 557
::1 - - [11/May/2015:11:25:42 +0100] "GET /drupal/modules/shortcut/shortcut.css?no6ie9 HTTP/1.1" 200 648
::1 - - [11/May/2015:11:25:42 +0100] "GET /drupal/modules/update/update.css?no6ie9 HTTP/1.1" 200 662
::1 - - [11/May/2015:11:25:42 +0100] "GET /drupal/themes/seven/reset.css?no6ie9 HTTP/1.1" 200 1275
::1 - - [11/May/2015:11:25:42 +0100] "GET /drupal/misc/jquery.once.js?v=1.2 HTTP/1.1" 200 1066
::1 - - [11/May/2015:11:25:42 +0100] "GET /drupal/themes/seven/style.css?no6ie9 HTTP/1.1" 200 4621
::1 - - [11/May/2015:11:25:42 +0100] "GET /drupal/misc/drupal.js?no6ie9 HTTP/1.1" 200 4976
::1 - - [11/May/2015:11:25:42 +0100] "GET /drupal/modules/overlay/overlay-child.js?v=1.0 HTTP/1.1" 200 2190
::1 - - [11/May/2015:11:25:42 +0100] "GET /drupal/modules/system/system.base.css?no6ie9 HTTP/1.1" 200 1883
::1 - - [11/May/2015:11:25:42 +0100] "GET /drupal/misc/jquery.js?v=1.4.4 HTTP/1.1" 200 27074
